This is pdfTeXk, Version 3.141592-1.40.3 (Web2C 7.5.6) (format=latex 2014.11.8)  11 APR 2015 22:16
entering extended mode
 %&-line parsing enabled.
**qmProbability
(./qmProbability.tex
LaTeX2e <2005/12/01>
Babel <v3.8h> and hyphenation patterns for english, usenglishmax, dumylang, noh
yphenation, arabic, basque, bulgarian, coptic, welsh, czech, slovak, german, ng
erman, danish, esperanto, spanish, catalan, galician, estonian, farsi, finnish,
 french, greek, monogreek, ancientgreek, croatian, hungarian, interlingua, ibyc
us, indonesian, icelandic, italian, latin, mongolian, dutch, norsk, polish, por
tuguese, pinyin, romanian, russian, slovenian, uppersorbian, serbian, swedish, 
turkish, ukenglish, ukrainian, loaded.

! LaTeX Error: No counter 'figure' defined.

See the LaTeX manual or LaTeX Companion for explanation.
Type  H <return>  for immediate help.
 ...                                              
                                                  
l.3 \setcounter{figure}{0}
                          
? x
 
Here is how much of TeX's memory you used:
 7 strings out of 256217
 307 string characters out of 1917095
 48804 words of memory out of 1500000
 3391 multiletter control sequences out of 10000+200000
 3640 words of font info for 14 fonts, out of 1200000 for 2000
 645 hyphenation exceptions out of 8191
 5i,0n,4p,51b,14s stack positions out of 5000i,500n,6000p,200000b,15000s
No pages of output.
