This is TeX, Version 3.14159 (Web2C 7.4.5) (format=latex 2006.5.16)  16 AUG 2006 22:33
**master
(./master.tex
LaTeX2e <2001/06/01>
Babel <v3.7h> and hyphenation patterns for american, french, german, ngerman, n
ohyphenation, loaded.
(/usr/share/texmf/tex/latex/base/article.cls
Document Class: article 2001/04/21 v1.4e Standard LaTeX document class
(/usr/share/texmf/tex/latex/base/size10.clo
File: size10.clo 2001/04/21 v1.4e Standard LaTeX file (size option)
)
\c@part=\count79
\c@section=\count80
\c@subsection=\count81
\c@subsubsection=\count82
\c@paragraph=\count83
\c@subparagraph=\count84
\c@figure=\count85
\c@table=\count86
\abovecaptionskip=\skip41
\belowcaptionskip=\skip42
\bibindent=\dimen102
)
(/usr/share/texmf/tex/latex/base/fontenc.sty
Package: fontenc 2001/06/05 v1.94 Standard LaTeX package

(/usr/share/texmf/tex/latex/base/t1enc.def
File: t1enc.def 2001/06/05 v1.94 Standard LaTeX file
LaTeX Font Info:    Redeclaring font encoding T1 on input line 38.
))
(/usr/share/texmf/tex/latex/misc/geometry.sty
Package: geometry 2002/07/08 v3.2 Page Geometry

(/usr/share/texmf/tex/latex/graphics/keyval.sty
Package: keyval 1999/03/16 v1.13 key=value parser (DPC)
\KV@toks@=\toks14
)
\Gm@cnth=\count87
\Gm@cntv=\count88
\c@Gm@tempcnt=\count89
\Gm@bindingoffset=\dimen103
\Gm@wd@mp=\dimen104
\Gm@odd@mp=\dimen105
\Gm@even@mp=\dimen106
\Gm@dimlist=\toks15

(/usr/share/texmf/tex/latex/config/geometry.cfg
File: geometry.cfg 2001/06/05 v1.0 teTeX (uncustomised setup)
))
(/usr/share/texmf/tex/latex/fancyhdr/fancyhdr.sty
\headwidth=\dimen107
)
(/usr/share/texmf/tex/generic/babel/babel.sty
Package: babel 2001/03/01 v3.7h The Babel package

(/usr/share/texmf/tex/generic/babel/english.ldf
Language: english 2001/04/15 v3.3l English support from the babel system

(/usr/share/texmf/tex/generic/babel/babel.def
File: babel.def 2001/03/01 v3.7h Babel common definitions
\babel@savecnt=\count90
\U@D=\dimen108
)
\l@canadian = a dialect from \language\l@english 
))
(/usr/share/texmf/tex/latex/graphics/graphicx.sty
Package: graphicx 1999/02/16 v1.0f Enhanced LaTeX Graphics (DPC,SPQR)

(/usr/share/texmf/tex/latex/graphics/graphics.sty
Package: graphics 2001/07/07 v1.0n Standard LaTeX Graphics (DPC,SPQR)

(/usr/share/texmf/tex/latex/graphics/trig.sty
Package: trig 1999/03/16 v1.09 sin cos tan (DPC)
)
(/usr/share/texmf/tex/latex/config/graphics.cfg
File: graphics.cfg 2001/08/31 v1.1 graphics configuration of teTeX/TeXLive
)
Package graphics Info: Driver file: dvips.def on input line 80.

(/usr/share/texmf/tex/latex/graphics/dvips.def
File: dvips.def 1999/02/16 v3.0i Driver-dependant file (DPC,SPQR)
))
\Gin@req@height=\dimen109
\Gin@req@width=\dimen110
)
(/usr/share/texmf/tex/latex/misc/wrapfig.sty
\wrapoverhang=\dimen111
\WF@size=\dimen112
\c@WF@wrappedlines=\count91
\WF@box=\box26
\WF@everypar=\toks16
Package: wrapfig 2003/01/31  v 3.6
) (./master.aux
(./electromagnetic_induction.aux))
\openout1 = `master.aux'.

LaTeX Font Info:    Checking defaults for OML/cmm/m/it on input line 61.
LaTeX Font Info:    ... okay on input line 61.
LaTeX Font Info:    Checking defaults for T1/cmr/m/n on input line 61.
LaTeX Font Info:    ... okay on input line 61.
LaTeX Font Info:    Checking defaults for OT1/cmr/m/n on input line 61.
LaTeX Font Info:    ... okay on input line 61.
LaTeX Font Info:    Checking defaults for OMS/cmsy/m/n on input line 61.
LaTeX Font Info:    ... okay on input line 61.
LaTeX Font Info:    Checking defaults for OMX/cmex/m/n on input line 61.
LaTeX Font Info:    ... okay on input line 61.
LaTeX Font Info:    Checking defaults for U/cmr/m/n on input line 61.
LaTeX Font Info:    ... okay on input line 61.

-------------------- Geometry parameters
paper: letterpaper
landscape: --
twocolumn: --
twoside: --
asymmetric: --
h-parts: 92.14519pt, 0.7\paperwidth , 92.14519pt (default)
v-parts: 95.39737pt, 0.7\paperheight , 143.09605pt (default)
hmarginratio: 1:1
vmarginratio: 2:3
lines: --
heightrounded: --
bindingoffset: 0.0pt
truedimen: --
includehead: --
includefoot: --
includemp: --
driver: 
-------------------- Page layout dimensions and switches
\paperwidth  614.295pt
\paperheight 794.96999pt
\textwidth  469.75499pt
\textheight 650.43pt
\oddsidemargin  19.8752pt
\evensidemargin 19.8752pt
\topmargin  18.06749pt
\headheight 12.0pt
\headsep    25.0pt
\footskip   30.0pt
\marginparwidth 65.0pt
\marginparsep   11.0pt
\columnsep  10.0pt
\skip\footins  9.0pt plus 4.0pt minus 2.0pt
\hoffset 0.0pt
\voffset 0.0pt
\mag 1000

(1in=72.27pt, 1cm=28.45pt)
-----------------------
LaTeX Font Info:    External font `cmex10' loaded for size
(Font)              <12> on input line 74.
LaTeX Font Info:    External font `cmex10' loaded for size
(Font)              <8> on input line 74.
LaTeX Font Info:    External font `cmex10' loaded for size
(Font)              <6> on input line 74.
File: stm2.eps Graphic file (type eps)
<stm2.eps> [1

] (./master.toc)
\tf@toc=\write3
\openout3 = `master.toc'.

 [2]
\openout2 = `electromagnetic_induction.aux'.

 (./electromagnetic_induction.tex
LaTeX Font Info:    Try loading font information for OMS+cmr on input line 12.

(/usr/share/texmf/tex/latex/base/omscmr.fd
File: omscmr.fd 1999/05/25 v2.5h Standard LaTeX font definitions
)
LaTeX Font Info:    Font shape `OMS/cmr/m/n' in size <10> not available
(Font)              Font shape `OMS/cmsy/m/n' tried instead on input line 12.
LaTeX Font Info:    External font `cmex10' loaded for size
(Font)              <7> on input line 18.
LaTeX Font Info:    External font `cmex10' loaded for size
(Font)              <5> on input line 18.
 [3

]
File: fig1.eps Graphic file (type eps)
 <fig1.eps> [4]
LaTeX Font Info:    Try loading font information for T1+cmtt on input line 124.


(/usr/share/texmf/tex/latex/base/t1cmtt.fd
File: t1cmtt.fd 1999/05/25 v2.5h Standard LaTeX font definitions
)
File: emwaves1.eps Graphic file (type eps)
 <emwaves1.eps> [5] [6]
File: emwaves3.eps Graphic file (type eps)

<emwaves3.eps> [7]) [8] (./master.aux (./electromagnetic_induction.aux)) ) 
Here is how much of TeX's memory you used:
 1598 strings out of 95847
 18814 string characters out of 1195948
 70054 words of memory out of 1000001
 4528 multiletter control sequences out of 10000+50000
 14349 words of font info for 34 fonts, out of 500000 for 1000
 14 hyphenation exceptions out of 1000
 28i,10n,43p,248b,453s stack positions out of 1500i,500n,5000p,200000b,5000s

Output written on master.dvi (8 pages, 18432 bytes).
