This is pdfTeXk, Version 3.141592-1.40.3 (Web2C 7.5.6) (format=latex 2014.11.8)  19 APR 2015 09:59
entering extended mode
 %&-line parsing enabled.
**master
(./master.tex
LaTeX2e <2005/12/01>
Babel <v3.8h> and hyphenation patterns for english, usenglishmax, dumylang, noh
yphenation, arabic, basque, bulgarian, coptic, welsh, czech, slovak, german, ng
erman, danish, esperanto, spanish, catalan, galician, estonian, farsi, finnish,
 french, greek, monogreek, ancientgreek, croatian, hungarian, interlingua, ibyc
us, indonesian, icelandic, italian, latin, mongolian, dutch, norsk, polish, por
tuguese, pinyin, romanian, russian, slovenian, uppersorbian, serbian, swedish, 
turkish, ukenglish, ukrainian, loaded.
(/usr/share/texmf/tex/latex/base/article.cls
Document Class: article 2005/09/16 v1.4f Standard LaTeX document class
(/usr/share/texmf/tex/latex/base/size10.clo
File: size10.clo 2005/09/16 v1.4f Standard LaTeX file (size option)
)
\c@part=\count79
\c@section=\count80
\c@subsection=\count81
\c@subsubsection=\count82
\c@paragraph=\count83
\c@subparagraph=\count84
\c@figure=\count85
\c@table=\count86
\abovecaptionskip=\skip41
\belowcaptionskip=\skip42
\bibindent=\dimen102
)
(/usr/share/texmf/tex/latex/base/fontenc.sty
Package: fontenc 2005/09/27 v1.99g Standard LaTeX package

(/usr/share/texmf/tex/latex/base/t1enc.def
File: t1enc.def 2005/09/27 v1.99g Standard LaTeX file
LaTeX Font Info:    Redeclaring font encoding T1 on input line 43.
))
(/usr/share/texmf/tex/latex/geometry/geometry.sty
Package: geometry 2002/07/08 v3.2 Page Geometry

(/usr/share/texmf/tex/latex/graphics/keyval.sty
Package: keyval 1999/03/16 v1.13 key=value parser (DPC)
\KV@toks@=\toks14
)
\Gm@cnth=\count87
\Gm@cntv=\count88
\c@Gm@tempcnt=\count89
\Gm@bindingoffset=\dimen103
\Gm@wd@mp=\dimen104
\Gm@odd@mp=\dimen105
\Gm@even@mp=\dimen106
\Gm@dimlist=\toks15
) (./fancyhdr.sty
\fancy@headwidth=\skip43
\f@ncyO@elh=\skip44
\f@ncyO@erh=\skip45
\f@ncyO@olh=\skip46
\f@ncyO@orh=\skip47
\f@ncyO@elf=\skip48
\f@ncyO@erf=\skip49
\f@ncyO@olf=\skip50
\f@ncyO@orf=\skip51
)
(/usr/share/texmf/tex/generic/babel/babel.sty
Package: babel 2005/11/23 v3.8h The Babel package

(/usr/share/texmf/tex/generic/babel/english.ldf
Language: english 2005/03/30 v3.3o English support from the babel system

(/usr/share/texmf/tex/generic/babel/babel.def
File: babel.def 2005/11/23 v3.8h Babel common definitions
\babel@savecnt=\count90
\U@D=\dimen107
)
\l@british = a dialect from \language\l@english 
\l@UKenglish = a dialect from \language\l@english 
\l@canadian = a dialect from \language\l@american 
\l@australian = a dialect from \language\l@british 
\l@newzealand = a dialect from \language\l@british 
))
(/usr/share/texmf/tex/latex/graphics/graphicx.sty
Package: graphicx 1999/02/16 v1.0f Enhanced LaTeX Graphics (DPC,SPQR)

(/usr/share/texmf/tex/latex/graphics/graphics.sty
Package: graphics 2006/02/20 v1.0o Standard LaTeX Graphics (DPC,SPQR)

(/usr/share/texmf/tex/latex/graphics/trig.sty
Package: trig 1999/03/16 v1.09 sin cos tan (DPC)
)
(/usr/share/texmf/tex/latex/config/graphics.cfg
File: graphics.cfg 2007/01/18 v1.5 graphics configuration of teTeX/TeXLive
)
Package graphics Info: Driver file: dvips.def on input line 90.

(/usr/share/texmf/tex/latex/graphics/dvips.def
File: dvips.def 1999/02/16 v3.0i Driver-dependant file (DPC,SPQR)
))
\Gin@req@height=\dimen108
\Gin@req@width=\dimen109
)
\c@activity=\count91
 (./master.aux
(./heat_temp_int_energy.aux) (./calorimetry.aux) (./heat_vap_nit.aux)
(./boyles_law.aux) (./charles_law.aux) (./P-T.aux) (./impulseFor132/impulse.aux
) (./kin_theory_ideal.aux) (./applying_kinetic_theory.aux)
(./EinsteinSolid/einstein_solid.aux) (./S+T/entropy_temperature.aux)
(./Standing_waves_strings.aux) (./resonance_tubes.aux) (./electrostatics.aux)
(./elec_grav.aux) (./electric_potential.aux) (./ef_equipot_lines.aux)
(./EF_EP_1.aux) (./EF_EP_2.aux) (./EF_EP_3.aux) (./EF_EP_4.aux)
(./electric_field_atomic_nucleus.aux) (./charge_dist_water_mol.aux)
(./capacitance.aux) (./ohms_law.aux) (./kirchhoffs_rules.aux) (./rc_circuit.aux
) (./magnetism_1.aux) (./magnetism_2.aux) (./magnetism_3.aux)
(./magnetic_field_earth.aux)
(./centripetalForceFor132/centripetalForceFor132.aux) (./eoverm/eoverm.aux)
(./radiocarbon_dating.aux) (./induction3/electromagnetic_induction.aux)
(./induction2.aux) (./lr_circuit.aux) (./refraction_of_light.aux)
(./refraction_at_spherical_surfaces.aux) (./interference_of_light.aux)
(./diffraction_of_light.aux) (./diffraction2.aux) (./diffraction_grating.aux)
(./cons_ang_momFor132/cons_ang_mom.aux) (./hydrogen.aux) (./solveSE/solveSE.aux
) (./qmProbability/qmProbability.aux) (./galilean_relativity.aux)
(./twins_paradox.aux) (./treatment_data.aux) (./datastudio.aux) (./excel.aux)
(./video_analysis.aux) (./video_analysis_tracker.aux) (./instrumentation.aux)
(./nuke_safety.aux))
\openout1 = `master.aux'.

LaTeX Font Info:    Checking defaults for OML/cmm/m/it on input line 70.
LaTeX Font Info:    ... okay on input line 70.
LaTeX Font Info:    Checking defaults for T1/cmr/m/n on input line 70.
LaTeX Font Info:    ... okay on input line 70.
LaTeX Font Info:    Checking defaults for OT1/cmr/m/n on input line 70.
LaTeX Font Info:    ... okay on input line 70.
LaTeX Font Info:    Checking defaults for OMS/cmsy/m/n on input line 70.
LaTeX Font Info:    ... okay on input line 70.
LaTeX Font Info:    Checking defaults for OMX/cmex/m/n on input line 70.
LaTeX Font Info:    ... okay on input line 70.
LaTeX Font Info:    Checking defaults for U/cmr/m/n on input line 70.
LaTeX Font Info:    ... okay on input line 70.


Package geometry Warning: The marginal notes would fall off the page.
     Add 21.42575pt and more to the right margin.

-------------------- Geometry parameters
paper: letterpaper
landscape: --
twocolumn: --
twoside: true
asymmetric: --
h-parts: 73.71613pt, 0.7\paperwidth , 110.57425pt (default)
v-parts: 95.39737pt, 0.7\paperheight , 143.09605pt (default)
hmarginratio: 2:3
vmarginratio: 2:3
lines: --
heightrounded: --
bindingoffset: 0.0pt
truedimen: --
includehead: --
includefoot: --
includemp: --
driver: 
-------------------- Page layout dimensions and switches
\paperwidth  614.295pt
\paperheight 794.96999pt
\textwidth  486.91013pt
\textheight 656.0612pt
\oddsidemargin  1.44614pt
\evensidemargin 38.30426pt
\topmargin  14.45377pt
\headheight 12.0pt
\headsep    25.0pt
\footskip   30.0pt
\marginparwidth 121.0pt
\marginparsep   11.0pt
\columnsep  10.0pt
\skip\footins  9.0pt plus 4.0pt minus 2.0pt
\hoffset -28.45274pt
\voffset 0.0pt
\mag 1000
\@twosidetrue \@mparswitchtrue 
(1in=72.27pt, 1cm=28.45pt)
-----------------------
LaTeX Font Info:    External font `cmex10' loaded for size
(Font)              <12> on input line 83.
LaTeX Font Info:    External font `cmex10' loaded for size
(Font)              <8> on input line 83.
LaTeX Font Info:    External font `cmex10' loaded for size
(Font)              <6> on input line 83.
File: AtomicStructure.ps Graphic file (type eps)
<AtomicStructure.ps> [1

] [1] (./master.toc
LaTeX Font Info:    External font `cmex10' loaded for size
(Font)              <7> on input line 24.
LaTeX Font Info:    External font `cmex10' loaded for size
(Font)              <5> on input line 24.
 [2] [3])
\tf@toc=\write3
\openout3 = `master.toc'.

 [4]
\openout2 = `heat_temp_int_energy.aux'.


(./heat_temp_int_energy.tex
LaTeX Font Info:    Try loading font information for OMS+cmr on input line 14.
 (/usr/share/texmf/tex/latex/base/omscmr.fd
File: omscmr.fd 1999/05/25 v2.5h Standard LaTeX font definitions
)
LaTeX Font Info:    Font shape `OMS/cmr/m/n' in size <10> not available
(Font)              Font shape `OMS/cmsy/m/n' tried instead on input line 14.
File: heat_temp_int_energy_fig_1.eps Graphic file (type eps)

<heat_temp_int_energy_fig_1.eps> [5

]) [6]
\openout2 = `calorimetry.aux'.

 (./calorimetry.tex
File: calorimetry_fig_1.eps Graphic file (type eps)

<calorimetry_fig_1.eps> [7


] [8] [9]) [10]
\openout2 = `heat_vap_nit.aux'.

 (./heat_vap_nit.tex
File: heat_vap_nit_fig_1.eps Graphic file (type eps)

<heat_vap_nit_fig_1.eps> [11


]) [12]
\openout2 = `boyles_law.aux'.

 (./boyles_law.tex
File: boyleslawfig1.eps Graphic file (type eps)
 <boyleslawfig1.eps>
[13


] [14]) [15]
\openout2 = `charles_law.aux'.

 (./charles_law.tex
File: charles_law_fig1.eps Graphic file (type eps)
 <charles_law_fig1.eps> [16


]
Overfull \hbox (11.01068pt too wide) in paragraph at lines 105--183
 [][] 
 []


Overfull \hbox (11.01068pt too wide) in paragraph at lines 197--275
 [][] 
 []

[17]) [18]
\openout2 = `P-T.aux'.

 (./P-T.tex
File: P-T_fig1b.eps Graphic file (type eps)
 <P-T_fig1b.eps> [19


]) [20]
\openout2 = `impulseFor132/impulse.aux'.

 (./impulseFor132/impulse.tex
LaTeX Font Info:    External font `cmex10' loaded for size
(Font)              <14.4> on input line 6.
File: impulseFor132/fig1.eps Graphic file (type eps)

<impulseFor132/fig1.eps> [21


]
File: impulseFor132/fig2.eps Graphic file (type eps)
 <impulseFor132/fig2.eps>
File: impulseFor132/fig3.eps Graphic file (type eps)

<impulseFor132/fig3.eps> [22]
File: impulseFor132/impulse_fig4.eps Graphic file (type eps)
 <impulseFor132/impulse_fig4.eps> [23]) [24]
\openout2 = `kin_theory_ideal.aux'.


(./kin_theory_ideal.tex [25


]
File: am4a.eps Graphic file (type eps)
 <am4a.eps> [26] [27] [28]) [29]
\openout2 = `applying_kinetic_theory.aux'.


(./applying_kinetic_theory.tex [30


] [31] [32]
Underfull \vbox (badness 7907) has occurred while \output is active []

 [33])
[34]
\openout2 = `EinsteinSolid/einstein_solid.aux'.

 (./EinsteinSolid/einstein_solid.tex [35


] [36] [37]
LaTeX Font Info:    Try loading font information for T1+cmtt on input line 189.


(/usr/share/texmf/tex/latex/base/t1cmtt.fd
File: t1cmtt.fd 1999/05/25 v2.5h Standard LaTeX font definitions
)
File: EinsteinSolid/statmech1.eps Graphic file (type eps)
 <EinsteinSolid/statmech1.eps>
File: EinsteinSolid/statmech2.eps Graphic file (type eps)

<EinsteinSolid/statmech2.eps>

LaTeX Warning: `!h' float specifier changed to `!ht'.

[38] [39] [40]

LaTeX Warning: `!h' float specifier changed to `!ht'.

[41] [42]) [43]
\openout2 = `S+T/entropy_temperature.aux'.

 (./S+T/entropy_temperature.tex
File: S+T/statmech1.eps Graphic file (type eps)
 <S+T/statmech1.eps>

LaTeX Warning: `!h' float specifier changed to `!ht'.

[44


] [45] [46] [47] [48] [49]) [50]
\openout2 = `Standing_waves_strings.aux'.

 (./Standing_waves_strings.tex [51


]
File: Standing_waves_strings_fig1_tb.eps Graphic file (type eps)

<Standing_waves_strings_fig1_tb.eps>
File: Standing_waves_strings_figure2.eps Graphic file (type eps)
 <Standing_waves_strings_figure2.eps>
[52]
File: Standing_waves_strings_figure3.eps Graphic file (type eps)
 <Standing_waves_strings_figure3.eps> [53] [54] [55]) [56]
\openout2 = `resonance_tubes.aux'.


(./resonance_tubes.tex
Underfull \hbox (badness 10000) in paragraph at lines 22--23

 []

LaTeX Font Info:    External font `cmex10' loaded for size
(Font)              <9> on input line 24.

Underfull \hbox (badness 10000) in paragraph at lines 24--25

 []

[57


]) [58]
\openout2 = `electrostatics.aux'.

 (./electrostatics.tex [59


] [60] [61]) [62]
\openout2 = `elec_grav.aux'.

 (./elec_grav.tex
File: elec_grav_fig1.eps Graphic file (type eps)

<elec_grav_fig1.eps>
File: elec_grav_fig2.eps Graphic file (type eps)
 <elec_grav_fig2.eps>
Underfull \vbox (badness 5504) has occurred while \output is active []

 [63


]
File: elec_grav_fig3.eps Graphic file (type eps)

<elec_grav_fig3.eps>
File: elec_grav_fig4.eps Graphic file (type eps)
 <elec_grav_fig4.eps>
Underfull \vbox (badness 10000) has occurred while \output is active []

 [64]
[65]
Underfull \vbox (badness 3000) has occurred while \output is active []

 [66])
[67]
\openout2 = `electric_potential.aux'.

 (./electric_potential.tex
File: electric_potential_fig_1.eps Graphic file (type eps)
 <electric_potential_fig_1.eps>
File: electric_potential_fig_2.eps Graphic file (type eps)

<electric_potential_fig_2.eps>
File: electric_potential_fig_3.eps Graphic file (type eps)
 <electric_potential_fig_3.eps> [68


]
File: electric_potential_fig_4.eps Graphic file (type eps)

<electric_potential_fig_4.eps> [69]
File: electric_potential_fig_5.eps Graphic file (type eps)
 <electric_potential_fig_5.eps>
Underfull \vbox (badness 10000) has occurred while \output is active []

 [70]
[71]
File: electric_potential_fig_6.eps Graphic file (type eps)
 <electric_potential_fig_6.eps>
Underfull \vbox (badness 1701) has occurred while \output is active []

 [72]
File: electric_potential_fig_7.eps Graphic file (type eps)

<electric_potential_fig_7.eps>
File: electric_potential_fig_8.eps Graphic file (type eps)
 <electric_potential_fig_8.eps>
File: electric_potential_fig_9.eps Graphic file (type eps)

<electric_potential_fig_9.eps> [73]) [74]
\openout2 = `ef_equipot_lines.aux'.

 (./ef_equipot_lines.tex
File: ef_equipot_lines_fig_1.eps Graphic file (type eps)

<ef_equipot_lines_fig_1.eps>
File: ef_equipot_lines_fig_2.eps Graphic file (type eps)
 <ef_equipot_lines_fig_2.eps> [75


]
File: ef_equipot_lines_fig_3.eps Graphic file (type eps)

<ef_equipot_lines_fig_3.eps> [76]) [77]
\openout2 = `EF_EP_1.aux'.

 (./EF_EP_1.tex
File: emfield1c.eps Graphic file (type eps)
 <emfield1c.eps> [78


]
[79] [80]) [81]
\openout2 = `EF_EP_2.aux'.

 (./EF_EP_2.tex [82


]
Underfull \vbox (badness 10000) has occurred while \output is active []

 [83])
[84]
\openout2 = `EF_EP_3.aux'.

 (./EF_EP_3.tex [85


] [86]) [87]
\openout2 = `EF_EP_4.aux'.

 (./EF_EP_4.tex [88


]
Underfull \vbox (badness 10000) has occurred while \output is active []

 [89])
[90]
\openout2 = `electric_field_atomic_nucleus.aux'.

 (./electric_field_atomic_nucleus.tex
File: electric_field_atomic_nuleus_fig_1.eps Graphic file (type eps)

<electric_field_atomic_nuleus_fig_1.eps> [91


] [92]) [93]
\openout2 = `charge_dist_water_mol.aux'.


(./charge_dist_water_mol.tex
File: charge_dist_water_mol_fig_1.eps Graphic file (type eps)
 <charge_dist_water_mol_fig_1.eps>
Underfull \vbox (badness 10000) has occurred while \output is active []

 [94


]
Underfull \vbox (badness 2384) has occurred while \output is active []

 [95]
Underfull \vbox (badness 1354) has occurred while \output is active []

 [96])
[97]
\openout2 = `capacitance.aux'.

 (./capacitance.tex [98


]) [99]
\openout2 = `ohms_law.aux'.

 (./ohms_law.tex
File: ohms_law_fig_3.eps Graphic file (type eps)
 <ohms_law_fig_3.eps>
[100


]
File: ohms_law_fig_1.eps Graphic file (type eps)
 <ohms_law_fig_1.eps> [101]
Underfull \vbox (badness 1622) has occurred while \output is active []

 [102]
File: ohms_law_fig_2b.eps Graphic file (type eps)

<ohms_law_fig_2b.eps> [103]) [104]
\openout2 = `kirchhoffs_rules.aux'.

 (./kirchhoffs_rules.tex
File: kirchhoffs_rules_fig_1.eps Graphic file (type eps)

<kirchhoffs_rules_fig_1.eps> [105


]
Underfull \vbox (badness 2600) has occurred while \output is active []

 [106])
[107]
\openout2 = `rc_circuit.aux'.

 (./rc_circuit.tex [108


] [109]) [110]
\openout2 = `magnetism_1.aux'.

 (./magnetism_1.tex [111


] [112])
[113]
\openout2 = `magnetism_2.aux'.

 (./magnetism_2.tex
File: magnetism_2_fig_1.eps Graphic file (type eps)
 <magnetism_2_fig_1.eps> [114


]
File: magnetism_2_fig_2.eps Graphic file (type eps)
 <magnetism_2_fig_2.eps>
[115]
File: magnetism_2_fig_3.eps Graphic file (type eps)
 <magnetism_2_fig_3.eps>) [116]
\openout2 = `magnetism_3.aux'.

 (./magnetism_3.tex [117


]
File: tangent_galvanometer.eps Graphic file (type eps)

<tangent_galvanometer.eps> [118]) [119]
\openout2 = `magnetic_field_earth.aux'.

 (./magnetic_field_earth.tex [120


]
[121]) [122]
\openout2 = `centripetalForceFor132/centripetalForceFor132.aux'.

 (./centripetalForceFor132/centripetalForceFor132.tex
File: centripetalForceFor132/centripetal_fig1b.eps Graphic file (type eps)

<centripetalForceFor132/centripetal_fig1b.eps>
File: centripetalForceFor132/centripetal_fig2b.eps Graphic file (type eps)

<centripetalForceFor132/centripetal_fig2b.eps> [123


] [124]
File: centripetalForceFor132/airplaneSetupB.eps Graphic file (type eps)

<centripetalForceFor132/airplaneSetupB.eps> [125] [126] [127]) [128]
\openout2 = `eoverm/eoverm.aux'.


(./eoverm/eoverm.tex
File: eoverm/vCrossB.eps Graphic file (type eps)
 <eoverm/vCrossB.eps> [129


] [130] [131]
File: eoverm/apparatus1.ps Graphic file (type eps)

<eoverm/apparatus1.ps> [132]
File: eoverm/apparatus2.ps Graphic file (type eps)
 <eoverm/apparatus2.ps> [133] [134]) [135]
\openout2 = `radiocarbon_dating.aux'.


(./radiocarbon_dating.tex [136


]
File: rad_counter.eps Graphic file (type eps)
 <rad_counter.eps> [137]
Underfull \vbox (badness 3291) has occurred while \output is active []

 [138]
File: Cs-137_decay.eps Graphic file (type eps)

<Cs-137_decay.eps> [139] [140] [141] [142]
Underfull \vbox (badness 10000) has occurred while \output is active []

 [143]
File: pertable3.ps Graphic file (type eps)

<pertable3.ps>
Overfull \hbox (20.87479pt too wide) in paragraph at lines 640--644
[]\T1/cmr/m/n/10 P.E.Damon, D.J.Donahue, B.H.Gore, A.L.Hathaway, A.J.T.Jull, T.
W.Linick, P.J.Sercel, L.J.Toolin, C.R.Bronk,
 []

) [144]
\openout2 = `induction3/electromagnetic_induction.aux'.

 (./induction3/electromagnetic_induction.tex [145


]
File: induction3/fig1.eps Graphic file (type eps)

<induction3/fig1.eps> [146]
File: induction3/emwaves1.eps Graphic file (type eps)
 <induction3/emwaves1.eps> [147] [148]
File: induction3/emwaves3.eps Graphic file (type eps)

<induction3/emwaves3.eps> [149]) [150]
\openout2 = `induction2.aux'.

 (./induction2.tex [151


] [152] [153]
[154]
File: indfig1.eps Graphic file (type eps)
 <indfig1.eps>
File: indfig2.eps Graphic file (type eps)
 <indfig2.eps>
File: indfig3.eps Graphic file (type eps)
 <indfig3.eps>
File: indfig4.eps Graphic file (type eps)
 <indfig4.eps>) [155]
\openout2 = `lr_circuit.aux'.


(./lr_circuit.tex
File: lr_circuit_fig_1.eps Graphic file (type eps)
 <lr_circuit_fig_1.eps> [156


]
File: lr_circuit_fig_2.eps Graphic file (type eps)
 <lr_circuit_fig_2.eps> [157]
File: lrc_circuit_fig_2.eps Graphic file (type eps)

<lrc_circuit_fig_2.eps> [158] [159]) [160]
\openout2 = `refraction_of_light.aux'.

 (./refraction_of_light.tex
File: refraction_of_light_fig_1.eps Graphic file (type eps)

<refraction_of_light_fig_1.eps> [161


] [162]) [163]
\openout2 = `refraction_at_spherical_surfaces.aux'.


(./refraction_at_spherical_surfaces.tex [164


]) [165]
\openout2 = `interference_of_light.aux'.


(./interference_of_light.tex
File: interference_of_light_fig1b.eps Graphic file (type eps)
 <interference_of_light_fig1b.eps> [166


] [167]
[168]) [169]
\openout2 = `diffraction_of_light.aux'.

 (./diffraction_of_light.tex
File: interference_of_light_fig1b.eps Graphic file (type eps)
 <interference_of_light_fig1b.eps>
[170


]
File: diffraction_of_light_fig_2.eps Graphic file (type eps)
 <diffraction_of_light_fig_2.eps> [171]
File: diffraction_of_light_fig_3.eps Graphic file (type eps)
 <diffraction_of_light_fig_3.eps>
Underfull \vbox (badness 10000) has occurred while \output is active []

 [172]
[173]
File: diffraction_of_light_fig_4.eps Graphic file (type eps)
 <diffraction_of_light_fig_4.eps>
Underfull \vbox (badness 10000) has occurred while \output is active []

 [174])
[175]
\openout2 = `diffraction2.aux'.

 (./diffraction2.tex [176


]) [177]
\openout2 = `diffraction_grating.aux'.

 (./diffraction_grating.tex) [178


]
\openout2 = `cons_ang_momFor132/cons_ang_mom.aux'.


(./cons_ang_momFor132/cons_ang_mom.tex [179


] [180]) [181]
\openout2 = `hydrogen.aux'.

 (./hydrogen.tex
[182


]
Underfull \vbox (badness 10000) has occurred while \output is active []

 [183])
[184]
\openout2 = `solveSE/solveSE.aux'.

 (./solveSE/solveSE.tex [185


] [186]
File: solveSE/shooter1b.eps Graphic file (type eps)
 <solveSE/shooter1b.eps> [187] [188]
File: solveSE/energyLevels.eps Graphic file (type eps)

<solveSE/energyLevels.eps> [189] [190]
File: solveSE/hwfig2.eps Graphic file (type eps)
 <solveSE/hwfig2.eps>) [191]
\openout2 = `qmProbability/qmProbability.aux'.


(./qmProbability/qmProbability.tex [192


] [193]
File: qmProbability/shooter1b.eps Graphic file (type eps)
 <qmProbability/shooter1b.eps>
[194] [195]
File: qmProbability/qmPlot2.eps Graphic file (type eps)
 <qmProbability/qmPlot2.eps> [196] [197]) [198]
\openout2 = `galilean_relativity.aux'.


(./galilean_relativity.tex [199


] [200] [201]) [202]
\openout2 = `twins_paradox.aux'.

 (./twins_paradox.tex
[203


] [204]) [205]
\openout2 = `treatment_data.aux'.

 (./treatment_data.tex [206


]) [207]
\openout2 = `datastudio.aux'.

 (./datastudio.tex
File: datastudio_fig1.eps Graphic file (type eps)

<datastudio_fig1.eps> [208


]) [209]
\openout2 = `excel.aux'.

 (./excel.tex
File: excelfigs/excelwindow.eps Graphic file (type eps)
 <excelfigs/excelwindow.eps>
File: excelfigs/scatterplot.eps Graphic file (type eps)

<excelfigs/scatterplot.eps> [210


]
File: excelfigs/histf1.eps Graphic file (type eps)
 <excelfigs/histf1.eps>
File: excelfigs/histf2.eps Graphic file (type eps)

<excelfigs/histf2.eps> [211]
File: excelfigs/histf3.eps Graphic file (type eps)
 <excelfigs/histf3.eps>
File: excelfigs/histf4.eps Graphic file (type eps)
 <excelfigs/histf4.eps>
[212]) [213]
\openout2 = `video_analysis.aux'.

 (./video_analysis.tex [214


]) [215]
\openout2 = `video_analysis_tracker.aux'.

 (./video_analysis_tracker.tex
File: video_analysis_tracker_fig1d.eps Graphic file (type eps)

<video_analysis_tracker_fig1d.eps> [216


] [217]) [218]
\openout2 = `instrumentation.aux'.

 (./instrumentation.tex
[219


]
File: instrumentation_fig1.eps Graphic file (type eps)
 <instrumentation_fig1.eps> [220] [221]) [222]
\openout2 = `nuke_safety.aux'.

 (./nuke_safety.tex)
[223


] (./master.aux (./heat_temp_int_energy.aux) (./calorimetry.aux)
(./heat_vap_nit.aux) (./boyles_law.aux) (./charles_law.aux) (./P-T.aux)
(./impulseFor132/impulse.aux) (./kin_theory_ideal.aux)
(./applying_kinetic_theory.aux) (./EinsteinSolid/einstein_solid.aux)
(./S+T/entropy_temperature.aux) (./Standing_waves_strings.aux)
(./resonance_tubes.aux) (./electrostatics.aux) (./elec_grav.aux)
(./electric_potential.aux) (./ef_equipot_lines.aux) (./EF_EP_1.aux)
(./EF_EP_2.aux) (./EF_EP_3.aux) (./EF_EP_4.aux)
(./electric_field_atomic_nucleus.aux) (./charge_dist_water_mol.aux)
(./capacitance.aux) (./ohms_law.aux) (./kirchhoffs_rules.aux) (./rc_circuit.aux
) (./magnetism_1.aux) (./magnetism_2.aux) (./magnetism_3.aux)
(./magnetic_field_earth.aux)
(./centripetalForceFor132/centripetalForceFor132.aux) (./eoverm/eoverm.aux)
(./radiocarbon_dating.aux) (./induction3/electromagnetic_induction.aux)
(./induction2.aux) (./lr_circuit.aux) (./refraction_of_light.aux)
(./refraction_at_spherical_surfaces.aux) (./interference_of_light.aux)
(./diffraction_of_light.aux) (./diffraction2.aux) (./diffraction_grating.aux)
(./cons_ang_momFor132/cons_ang_mom.aux) (./hydrogen.aux) (./solveSE/solveSE.aux
) (./qmProbability/qmProbability.aux) (./galilean_relativity.aux)
(./twins_paradox.aux) (./treatment_data.aux) (./datastudio.aux) (./excel.aux)
(./video_analysis.aux) (./video_analysis_tracker.aux) (./instrumentation.aux)
(./nuke_safety.aux)) ) 
Here is how much of TeX's memory you used:
 2232 strings out of 256217
 31450 string characters out of 1917095
 91155 words of memory out of 1500000
 5037 multiletter control sequences out of 10000+200000
 21329 words of font info for 51 fonts, out of 1200000 for 2000
 645 hyphenation exceptions out of 8191
 30i,12n,43p,1024b,401s stack positions out of 5000i,500n,6000p,200000b,15000s

Output written on master.dvi (224 pages, 613100 bytes).
